<?xml version="1.0" encoding="UTF-8"?>
<!-- Generated by org.testng.reporters.JUnitReportReporter -->
<testsuite hostname="DESKTOP-08CH1QI" failures="0" tests="6" name="VerifyFundTransfer" time="13.123" errors="0" timestamp="2022-11-08T14:37:05 IST" skipped="0">
  <testcase classname="VerifyFundTransfer" name="verifyfundtransfertab" time="0.148"/>
  <system-out/>
  <testcase classname="VerifyFundTransfer" name="payerstab" time="7.025"/>
  <system-out/>
  <testcase classname="VerifyFundTransfer" name="payeestab" time="0.387"/>
  <system-out/>
  <testcase classname="VerifyFundTransfer" name="amounttofundtab" time="0.325"/>
  <system-out/>
  <testcase classname="VerifyFundTransfer" name="descriptiontab" time="0.120"/>
  <system-out/>
  <testcase classname="VerifyFundTransfer" name="submitbutton" time="5.118"/>
  <system-out/>
</testsuite> <!-- VerifyFundTransfer -->
