<?xml version="1.0" encoding="UTF-8"?>
<!-- Generated by org.testng.reporters.JUnitReportReporter -->
<testsuite hostname="DESKTOP-08CH1QI" failures="0" tests="5" name="tests.VerifyDeposit" time="10.604" errors="0" timestamp="2022-11-05T16:46:43 IST" skipped="0">
  <testcase classname="tests.VerifyDeposit" name="deposittab" time="0.137"/>
  <system-out/>
  <testcase classname="tests.VerifyDeposit" name="Accountnotab" time="6.360"/>
  <system-out/>
  <testcase classname="tests.VerifyDeposit" name="amounttab" time="0.357"/>
  <system-out/>
  <testcase classname="tests.VerifyDeposit" name="descriptiontab" time="0.129"/>
  <system-out/>
  <testcase classname="tests.VerifyDeposit" name="submitbutton" time="3.621"/>
  <system-out/>
</testsuite> <!-- tests.VerifyDeposit -->
