<?xml version="1.0" encoding="UTF-8"?>
<!-- Generated by org.testng.reporters.JUnitReportReporter -->
<testsuite hostname="DESKTOP-08CH1QI" failures="0" tests="3" name="tests.MiniStatement" time="9.353" errors="0" timestamp="2022-11-08T16:16:09 IST" skipped="0">
  <testcase classname="tests.MiniStatement" name="miniStatementTab" time="0.296"/>
  <system-out/>
  <testcase classname="tests.MiniStatement" name="accountNoTab" time="6.057"/>
  <system-out/>
  <testcase classname="tests.MiniStatement" name="submitbutton" time="3.000"/>
  <system-out/>
</testsuite> <!-- tests.MiniStatement -->
