<?xml version="1.0" encoding="UTF-8"?>
<!-- Generated by org.testng.reporters.JUnitReportReporter -->
<testsuite hostname="DESKTOP-08CH1QI" failures="0" tests="1" name="tests.Logout" time="3.254" errors="0" timestamp="2022-11-08T16:12:18 IST" skipped="0">
  <testcase classname="tests.Logout" name="logoutTab" time="3.254"/>
  <system-out/>
</testsuite> <!-- tests.Logout -->
