<?xml version="1.0" encoding="UTF-8"?>
<!-- Generated by org.testng.reporters.JUnitReportReporter -->
<testsuite hostname="DESKTOP-08CH1QI" failures="0" tests="3" name="tests.VerifyEditAccount" time="9.555" errors="0" timestamp="2022-11-05T14:21:31 IST" skipped="0">
  <testcase classname="tests.VerifyEditAccount" name="editaccounttab" time="0.152"/>
  <system-out/>
  <testcase classname="tests.VerifyEditAccount" name="enableeditaccounttab" time="5.652"/>
  <system-out/>
  <testcase classname="tests.VerifyEditAccount" name="submitbutton" time="3.751"/>
  <system-out/>
</testsuite> <!-- tests.VerifyEditAccount -->
