<?xml version="1.0" encoding="UTF-8"?>
<!-- Generated by org.testng.reporters.JUnitReportReporter -->
<testsuite hostname="DESKTOP-08CH1QI" failures="0" tests="2" name="tests.ChangePassword" time="5.933" errors="0" timestamp="2022-11-08T22:50:17 IST" skipped="0">
  <testcase classname="tests.ChangePassword" name="changepasswordTab" time="1.456"/>
  <system-out/>
  <testcase classname="tests.ChangePassword" name="oldPasswordtab" time="4.477"/>
  <system-out/>
</testsuite> <!-- tests.ChangePassword -->
