<?xml version="1.0" encoding="UTF-8"?>
<!-- Generated by org.testng.reporters.JUnitReportReporter -->
<testsuite hostname="DESKTOP-08CH1QI" failures="0" tests="3" name="tests.DeletCustomer" time="9.754" errors="0" timestamp="2022-11-08T23:19:02 IST" skipped="0">
  <testcase classname="tests.DeletCustomer" name="deletCustomerTab" time="0.327"/>
  <system-out/>
  <testcase classname="tests.DeletCustomer" name="customerIdTab" time="6.316"/>
  <system-out/>
  <testcase classname="tests.DeletCustomer" name="submitbutton" time="3.111"/>
  <system-out/>
</testsuite> <!-- tests.DeletCustomer -->
