<?xml version="1.0" encoding="UTF-8"?>
<!-- Generated by org.testng.reporters.JUnitReportReporter -->
<testsuite hostname="DESKTOP-08CH1QI" failures="0" tests="1" name="pages.NewTest" time="0.021" errors="0" timestamp="2022-10-31T12:10:37 IST" skipped="0">
  <testcase classname="pages.NewTest" name="verifyUrl" time="0.021"/>
  <system-out/>
</testsuite> <!-- pages.NewTest -->
