<?xml version="1.0" encoding="UTF-8"?>
<!-- Generated by org.testng.reporters.JUnitReportReporter -->
<testsuite hostname="DESKTOP-08CH1QI" failures="0" tests="5" name="tests.NewAccount" time="13.006" errors="0" timestamp="2022-11-04T14:34:33 IST" skipped="0">
  <testcase classname="tests.NewAccount" name="NewAccountTab" time="4.495"/>
  <system-out/>
  <testcase classname="tests.NewAccount" name="verifyEnableCustomerId" time="0.135"/>
  <system-out/>
  <testcase classname="tests.NewAccount" name="selectaccounttype" time="0.650"/>
  <system-out/>
  <testcase classname="tests.NewAccount" name="initialdeposittab" time="0.134"/>
  <system-out/>
  <testcase classname="tests.NewAccount" name="submitbutton" time="7.592"/>
  <system-out/>
</testsuite> <!-- tests.NewAccount -->
