<?xml version="1.0" encoding="UTF-8"?>
<!-- Generated by org.testng.reporters.JUnitReportReporter -->
<testsuite hostname="DESKTOP-08CH1QI" failures="0" tests="5" name="tests.BalanceEnquiry" time="8.986" errors="0" timestamp="2022-11-08T15:27:41 IST" skipped="0">
  <testcase classname="tests.BalanceEnquiry" name="balanceenquirytab" time="2.510"/>
  <system-out/>
  <testcase classname="tests.BalanceEnquiry" name="amounttab" time="0.653"/>
  <system-out/>
  <testcase classname="tests.BalanceEnquiry" name="ammountavaialbletab" time="1.105"/>
  <system-out/>
  <testcase classname="tests.BalanceEnquiry" name="amountTabWithCorrectCredentials" time="1.615"/>
  <system-out/>
  <testcase classname="tests.BalanceEnquiry" name="submitbutton" time="3.103"/>
  <system-out/>
</testsuite> <!-- tests.BalanceEnquiry -->
